Arguments: 
  /usr/bin/node /usr/bin/yarn add fs-extra

PATH: 
  /home/lyx/.local/bin:/usr/local/sbin:/usr/local/bin:/usr/bin:/usr/bin/site_perl:/usr/bin/vendor_perl:/usr/bin/core_perl

Yarn version: 
  1.22.19

Node version: 
  19.8.1

Platform: 
  linux x64

Trace: 
  Error: https://registry.yarnpkg.com/fs-extra: tunneling socket could not be established, cause=Client network socket disconnected before secure TLS connection was established
      at ClientRequest.onError (/usr/lib/node_modules/yarn/lib/cli.js:152376:17)
      at Object.onceWrapper (node:events:627:26)
      at ClientRequest.emit (node:events:512:28)
      at TLSSocket.socketErrorListener (node:_http_client:495:9)
      at TLSSocket.emit (node:events:512:28)
      at emitErrorNT (node:internal/streams/destroy:151:8)
      at emitErrorCloseNT (node:internal/streams/destroy:116:3)
      at process.processTicksAndRejections (node:internal/process/task_queues:82:21)

npm manifest: 
  {
    "name": "dezaina",
    "version": "0.0.1",
    "description": "a design app",
    "main": "index.js",
    "repository": "git@github.com:liuyanxing/Dezaina.git",
    "author": "刘延兴 <liuyanxing@hetao101.com>",
    "dependencies": {
      "@types/mustache": "^4.2.2",
      "mustache": "^4.2.0",
      "toposort": "^2.0.2",
      "typescript": "^4.9.5"
    },
    "devDependencies": {
      "@types/node": "^18.14.6",
      "@types/toposort": "^2.0.3"
    }
  }

yarn manifest: 
  No manifest

Lockfile: 
  # THIS IS AN AUTOGENERATED FILE. DO NOT EDIT THIS FILE DIRECTLY.
  # yarn lockfile v1
  
  
  "@types/mustache@^4.2.2":
    version "4.2.2"
    resolved "https://registry.npmmirror.com/@types/mustache/-/mustache-4.2.2.tgz#825bf5c214c3ab84d0b23fef2c8eb898f3ff8717"
    integrity sha512-MUSpfpW0yZbTgjekDbH0shMYBUD+X/uJJJMm9LXN1d5yjl5lCY1vN/eWKD6D1tOtjA6206K0zcIPnUaFMurdNA==
  
  "@types/node@^18.14.6":
    version "18.14.6"
    resolved "https://registry.npmmirror.com/@types/node/-/node-18.14.6.tgz#ae1973dd2b1eeb1825695bb11ebfb746d27e3e93"
    integrity sha512-93+VvleD3mXwlLI/xASjw0FzKcwzl3OdTCzm1LaRfqgS21gfFtK3zDXM5Op9TeeMsJVOaJ2VRDpT9q4Y3d0AvA==
  
  "@types/toposort@^2.0.3":
    version "2.0.3"
    resolved "https://registry.npmmirror.com/@types/toposort/-/toposort-2.0.3.tgz#dc490842b77c3e910c8d727ff0bdb2fb124cb41b"
    integrity sha512-jRtyvEu0Na/sy0oIxBW0f6wPQjidgVqlmCTJVHEGTNEUdL1f0YSvdPzHY7nX7MUWAZS6zcAa0KkqofHjy/xDZQ==
  
  mustache@^4.2.0:
    version "4.2.0"
    resolved "https://registry.npmmirror.com/mustache/-/mustache-4.2.0.tgz#e5892324d60a12ec9c2a73359edca52972bf6f64"
    integrity sha512-71ippSywq5Yb7/tVYyGbkBggbU8H3u5Rz56fH60jGFgr8uHwxs+aSKeqmluIVzM0m0kB7xQjKS6qPfd0b2ZoqQ==
  
  toposort@^2.0.2:
    version "2.0.2"
    resolved "https://registry.npmmirror.com/toposort/-/toposort-2.0.2.tgz#ae21768175d1559d48bef35420b2f4962f09c330"
    integrity sha512-0a5EOkAUp8D4moMi2W8ZF8jcga7BgZd91O/yabJCFY8az+XSzeGyTKs0Aoo897iV1Nj6guFq8orWDS96z91oGg==
  
  typescript@^4.9.5:
    version "4.9.5"
    resolved "https://registry.npmmirror.com/typescript/-/typescript-4.9.5.tgz#095979f9bcc0d09da324d58d03ce8f8374cbe65a"
    integrity sha512-1FXk9E2Hm+QzZQ7z+McJiHL4NW1F2EzMu9Nq9i3zAaGqibafqYwCVU6WyWAuyQRRzOlxou8xZSyXLEN8oKj24g==
